Using pre-set license
Built from 'master' branch; Version is '2020.3.36f1 (71f96b79b9f0) revision 7469419'; Using compiler version '192528614'; Build Type 'Release'
OS: 'Windows 10  (10.0.19044) 64bit IoTEnterpriseS' Language: 'ru' Physical Memory: 16303 MB
BatchMode: 1, IsHumanControllingUs: 0, StartBugReporterOnCrash: 0, Is64bit: 1, IsPro: 0

COMMAND LINE ARGUMENTS:
C:\Program Files\Unity\Hub\Editor\2020.3.36f1\Editor\Unity.exe
-adb2
-batchMode
-noUpm
-name
AssetImportWorker0
-projectPath
C:/Users/Wiziks/Documents/GitHub/Dunk-Shot/Dunk Shot
-logFile
Logs/AssetImportWorker0.log
-srvPort
64267
Successfully changed project path to: C:/Users/Wiziks/Documents/GitHub/Dunk-Shot/Dunk Shot
C:/Users/Wiziks/Documents/GitHub/Dunk-Shot/Dunk Shot
Using Asset Import Pipeline V2.
Refreshing native plugins compatible for Editor in 51.82 ms, found 3 plugins.
Preloading 0 native plugins for Editor in 0.00 ms.
Initialize engine version: 2020.3.36f1 (71f96b79b9f0)
[Subsystems] Discovering subsystems at path C:/Program Files/Unity/Hub/Editor/2020.3.36f1/Editor/Data/Resources/UnitySubsystems
[Subsystems] Discovering subsystems at path C:/Users/Wiziks/Documents/GitHub/Dunk-Shot/Dunk Shot/Assets
GfxDevice: creating device client; threaded=0
Direct3D:
    Version:  Direct3D 11.0 [level 11.1]
    Renderer: NVIDIA GeForce GTX 1050 (ID=0x1c8d)
    Vendor:   
    VRAM:     4021 MB
    Driver:   31.0.15.1640
Initialize mono
Mono path[0] = 'C:/Program Files/Unity/Hub/Editor/2020.3.36f1/Editor/Data/Managed'
Mono path[1] = 'C:/Program Files/Unity/Hub/Editor/2020.3.36f1/Editor/Data/MonoBleedingEdge/lib/mono/unityjit'
Mono config path = 'C:/Program Files/Unity/Hub/Editor/2020.3.36f1/Editor/Data/MonoBleedingEdge/etc'
Using monoOptions --debugger-agent=transport=dt_socket,embedding=1,server=y,suspend=n,address=127.0.0.1:56632
Begin MonoManager ReloadAssembly
Registering precompiled unity dll's ...
Register platform support module: C:/Program Files/Unity/Hub/Editor/2020.3.36f1/Editor/Data/PlaybackEngines/WindowsStandaloneSupport/UnityEditor.WindowsStandalone.Extensions.dll
Registered in 0.000941 seconds.
Native extension for WindowsStandalone target not found
Refreshing native plugins compatible for Editor in 69.59 ms, found 3 plugins.
Preloading 0 native plugins for Editor in 0.00 ms.
Mono: successfully reloaded assembly
- Completed reload, in  0.679 seconds
Domain Reload Profiling:
	ReloadAssembly (680ms)
		BeginReloadAssembly (78ms)
			ExecutionOrderSort (0ms)
			DisableScriptedObjects (0ms)
			BackupInstance (0ms)
			ReleaseScriptingObjects (0ms)
			CreateAndSetChildDomain (1ms)
		EndReloadAssembly (533ms)
			LoadAssemblies (77ms)
			RebuildTransferFunctionScriptingTraits (0ms)
			SetupTypeCache (182ms)
			ReleaseScriptCaches (0ms)
			RebuildScriptCaches (32ms)
			SetupLoadedEditorAssemblies (212ms)
				LogAssemblyErrors (0ms)
				InitializePlatformSupportModulesInManaged (4ms)
				SetLoadedEditorAssemblies (0ms)
				RefreshPlugins (70ms)
				BeforeProcessingInitializeOnLoad (15ms)
				ProcessInitializeOnLoadAttributes (90ms)
				ProcessInitializeOnLoadMethodAttributes (33ms)
				AfterProcessingInitializeOnLoad (0ms)
				EditorAssembliesLoaded (0ms)
			ExecutionOrderSort2 (0ms)
			AwakeInstancesAfterBackupRestoration (0ms)
Platform modules already initialized, skipping
Registering precompiled user dll's ...
Registered in 0.001773 seconds.
Begin MonoManager ReloadAssembly
Native extension for WindowsStandalone target not found
Refreshing native plugins compatible for Editor in 51.98 ms, found 3 plugins.
Preloading 0 native plugins for Editor in 0.00 ms.
Mono: successfully reloaded assembly
- Completed reload, in  1.302 seconds
Domain Reload Profiling:
	ReloadAssembly (1303ms)
		BeginReloadAssembly (230ms)
			ExecutionOrderSort (0ms)
			DisableScriptedObjects (8ms)
			BackupInstance (0ms)
			ReleaseScriptingObjects (0ms)
			CreateAndSetChildDomain (30ms)
		EndReloadAssembly (1015ms)
			LoadAssemblies (125ms)
			RebuildTransferFunctionScriptingTraits (0ms)
			SetupTypeCache (324ms)
			ReleaseScriptCaches (1ms)
			RebuildScriptCaches (50ms)
			SetupLoadedEditorAssemblies (412ms)
				LogAssemblyErrors (0ms)
				InitializePlatformSupportModulesInManaged (3ms)
				SetLoadedEditorAssemblies (0ms)
				RefreshPlugins (52ms)
				BeforeProcessingInitializeOnLoad (107ms)
				ProcessInitializeOnLoadAttributes (221ms)
				ProcessInitializeOnLoadMethodAttributes (26ms)
				AfterProcessingInitializeOnLoad (3ms)
				EditorAssembliesLoaded (0ms)
			ExecutionOrderSort2 (0ms)
			AwakeInstancesAfterBackupRestoration (2ms)
Platform modules already initialized, skipping
========================================================================
Worker process is ready to serve import requests
Launched and connected shader compiler UnityShaderCompiler.exe after 0.04 seconds
Refreshing native plugins compatible for Editor in 0.92 ms, found 3 plugins.
Preloading 0 native plugins for Editor in 0.00 ms.
Unloading 2206 Unused Serialized files (Serialized files now loaded: 0)
System memory in use before: 97.1 MB.
System memory in use after: 97.0 MB.

Unloading 31 unused Assets to reduce memory usage. Loaded Objects now: 2636.
Total: 3.456300 ms (FindLiveObjects: 0.178900 ms CreateObjectMapping: 0.101000 ms MarkObjects: 2.981800 ms  DeleteObjects: 0.193800 ms)

AssetImportParameters requested are different than current active one (requested -> active):
  custom:framework-win-MediaFoundation: 216162199b28c13a410421893ffa2e32 -> 
  custom:video-decoder-ogg-theora: a1e56fd34408186e4bbccfd4996cb3dc -> 
  custom:container-muxer-webm: aa71ff27fc2769a1b78a27578f13a17b -> 
  custom:container-demuxer-webm: 4f35f7cbe854078d1ac9338744f61a02 -> 
  custom:container-demuxer-ogg: 62fdf1f143b41e24485cea50d1cbac27 -> 
  custom:video-encoder-webm-vp8: eb34c28f22e8b96e1ab97ce403110664 -> 
  custom:video-decoder-webm-vp8: 9c59270c3fd7afecdb556c50c9e8de78 -> 
  custom:audio-decoder-ogg-vorbis: bf7c407c2cedff20999df2af8eb42d56 -> 
  custom:audio-encoder-webm-vorbis: bf7c407c2cedff20999df2af8eb42d56 -> 
========================================================================
Received Import Request.
  path: Assets/Sprites/Background Walls 2.png
  artifactKey: Guid(362bad0142b03f6488242ee28dc09077) Importer(815301076,1909f56bfc062723c751e8b465ee728b)
Start importing Assets/Sprites/Background Walls 2.png using Guid(362bad0142b03f6488242ee28dc09077) Importer(815301076,1909f56bfc062723c751e8b465ee728b)  -> (artifact id: 'a7b05ae99d1ef841a9f1a19e9bc12c5a') in 0.139383 seconds 
========================================================================
Received Import Request.
  Time since last request: 0.000304 seconds.
  path: Assets/Sprites/Backgrounds 1.png
  artifactKey: Guid(a07d2303b8d4479488d8e94ad9f3a12a) Importer(815301076,1909f56bfc062723c751e8b465ee728b)
Start importing Assets/Sprites/Backgrounds 1.png using Guid(a07d2303b8d4479488d8e94ad9f3a12a) Importer(815301076,1909f56bfc062723c751e8b465ee728b)  -> (artifact id: '1b519b618bd9cc754d4a6438ae1992f6') in 0.080101 seconds 
========================================================================
Received Import Request.
  Time since last request: 0.000368 seconds.
  path: Assets/Sprites/Balls.png
  artifactKey: Guid(20bc60e2dc766284da076758d4ea5fb3) Importer(815301076,1909f56bfc062723c751e8b465ee728b)
Start importing Assets/Sprites/Balls.png using Guid(20bc60e2dc766284da076758d4ea5fb3) Importer(815301076,1909f56bfc062723c751e8b465ee728b)  -> (artifact id: '8c9950b95a26f424a8aa9575b0510808') in 0.062800 seconds 
========================================================================
Received Import Request.
  Time since last request: 0.000328 seconds.
  path: Assets/Sprites/Background Walls 1.png
  artifactKey: Guid(72af04294b8289c4db3249e990da4a81) Importer(815301076,1909f56bfc062723c751e8b465ee728b)
Start importing Assets/Sprites/Background Walls 1.png using Guid(72af04294b8289c4db3249e990da4a81) Importer(815301076,1909f56bfc062723c751e8b465ee728b)  -> (artifact id: 'f4c2b9dc0b969ecb6c082b53b4366ad8') in 0.025512 seconds 
========================================================================
Received Import Request.
  Time since last request: 0.000368 seconds.
  path: Assets/Sprites/Miscellaneous.png
  artifactKey: Guid(f45ec6c1254ce1344b7dd91e30eada57) Importer(815301076,1909f56bfc062723c751e8b465ee728b)
Start importing Assets/Sprites/Miscellaneous.png using Guid(f45ec6c1254ce1344b7dd91e30eada57) Importer(815301076,1909f56bfc062723c751e8b465ee728b)  -> (artifact id: 'f7e97f8592c98f86490f3311bbb5892a') in 0.033802 seconds 
========================================================================
Received Import Request.
  Time since last request: 0.000243 seconds.
  path: Assets/Sprites
  artifactKey: Guid(4fbe4da92ab6aef4f9b88991e58f4342) Importer(815301076,1909f56bfc062723c751e8b465ee728b)
Start importing Assets/Sprites using Guid(4fbe4da92ab6aef4f9b88991e58f4342) Importer(815301076,1909f56bfc062723c751e8b465ee728b)  -> (artifact id: '6893e6b7c57731b45d850a7186b9598e') in 0.002439 seconds 
========================================================================
Received Import Request.
  Time since last request: 0.000265 seconds.
  path: Assets/Sprites/Baskets.png
  artifactKey: Guid(8c63fb418d3f55f47bd2160fe102bf3d) Importer(815301076,1909f56bfc062723c751e8b465ee728b)
Start importing Assets/Sprites/Baskets.png using Guid(8c63fb418d3f55f47bd2160fe102bf3d) Importer(815301076,1909f56bfc062723c751e8b465ee728b)  -> (artifact id: 'c2669364be3748dcd4a07bc7d438ed28') in 0.050219 seconds 
========================================================================
Received Import Request.
  Time since last request: 0.000282 seconds.
  path: Assets/Sprites/Collectibles.png
  artifactKey: Guid(f8a399f9a7f3ba640a572d3196aada09) Importer(815301076,1909f56bfc062723c751e8b465ee728b)
Start importing Assets/Sprites/Collectibles.png using Guid(f8a399f9a7f3ba640a572d3196aada09) Importer(815301076,1909f56bfc062723c751e8b465ee728b)  -> (artifact id: '8e986caf83d8d6dc88b5d083fbc08bd9') in 0.020781 seconds 
========================================================================
Received Import Request.
  Time since last request: 0.000450 seconds.
  path: Assets/Sprites/Backgrounds 2.png
  artifactKey: Guid(b2ac960c6be3fdd45bdd59d6184cce1e) Importer(815301076,1909f56bfc062723c751e8b465ee728b)
Start importing Assets/Sprites/Backgrounds 2.png using Guid(b2ac960c6be3fdd45bdd59d6184cce1e) Importer(815301076,1909f56bfc062723c751e8b465ee728b)  -> (artifact id: '09b2ec0d31d04da62379cab10a244232') in 0.033687 seconds 
========================================================================
Received Import Request.
  Time since last request: 0.000164 seconds.
  path: Assets/Sprites/Bouncers.png
  artifactKey: Guid(a6ab7c8a0ab59594e99f1a158b22af88) Importer(815301076,1909f56bfc062723c751e8b465ee728b)
Start importing Assets/Sprites/Bouncers.png using Guid(a6ab7c8a0ab59594e99f1a158b22af88) Importer(815301076,1909f56bfc062723c751e8b465ee728b)  -> (artifact id: 'c7bcd4161a965f8fee847b87cdf9ce5c') in 0.016523 seconds 
========================================================================
Received Import Request.
  Time since last request: 0.000338 seconds.
  path: Assets/Sprites/Piatas  Miscellaneous.png
  artifactKey: Guid(0b870e0d7dc132146a3ec6ade48c497a) Importer(815301076,1909f56bfc062723c751e8b465ee728b)
Start importing Assets/Sprites/Piatas  Miscellaneous.png using Guid(0b870e0d7dc132146a3ec6ade48c497a) Importer(815301076,1909f56bfc062723c751e8b465ee728b)  -> (artifact id: '2640fc324e5a9e4931a3c63a324a541c') in 0.030756 seconds 
========================================================================
Received Import Request.
  Time since last request: 0.000151 seconds.
  path: Assets/Sprites/Walls.png
  artifactKey: Guid(eddfae526570fe148afd2d0369931075) Importer(815301076,1909f56bfc062723c751e8b465ee728b)
Start importing Assets/Sprites/Walls.png using Guid(eddfae526570fe148afd2d0369931075) Importer(815301076,1909f56bfc062723c751e8b465ee728b)  -> (artifact id: 'bd6ea9405198cf27875f14860d79108f') in 0.011665 seconds 
========================================================================
Received Import Request.
  Time since last request: 0.000251 seconds.
  path: Assets/Sprites/Animated Balls.png
  artifactKey: Guid(00b5bb4db8dccd34fae0b18a9fe7f6ca) Importer(815301076,1909f56bfc062723c751e8b465ee728b)
Start importing Assets/Sprites/Animated Balls.png using Guid(00b5bb4db8dccd34fae0b18a9fe7f6ca) Importer(815301076,1909f56bfc062723c751e8b465ee728b)  -> (artifact id: 'e5150ff480d8f2f066325a715a0be14e') in 0.023288 seconds 
========================================================================
Received Import Request.
  Time since last request: 3.335388 seconds.
  path: Assets
  artifactKey: Guid(00000000000000001000000000000000) Importer(815301076,1909f56bfc062723c751e8b465ee728b)
Start importing Assets using Guid(00000000000000001000000000000000) Importer(815301076,1909f56bfc062723c751e8b465ee728b)  -> (artifact id: '42d402b061de3733987d63b9cc3b64de') in 0.001172 seconds 
========================================================================
Received Import Request.
  Time since last request: 6.383329 seconds.
  path: Assets/Scripts
  artifactKey: Guid(6cae675b0b5fa2f4ba07e9a0e27e11b5) Importer(815301076,1909f56bfc062723c751e8b465ee728b)
Start importing Assets/Scripts using Guid(6cae675b0b5fa2f4ba07e9a0e27e11b5) Importer(815301076,1909f56bfc062723c751e8b465ee728b)  -> (artifact id: 'f8875cddba3ee69765a3fb8ecb64571e') in 0.001449 seconds 
AssetImportWorkerClient::OnTransportError - code=2 error=End of file
